This is pdfTeX, Version 3.14159265-2.6-1.40.20 (TeX Live 2019) (preloaded format=pdflatex 2019.11.12)  13 NOV 2019 20:17
entering extended mode
 restricted \write18 enabled.
 file:line:error style messages enabled.
 %&-line parsing enabled.
**Jim_Hessin.tex
(./Jim_Hessin.tex
LaTeX2e <2019-10-01> patch level 2
(/usr/local/texlive/2019/texmf-dist/tex/latex/base/article.cls
Document Class: article 2019/10/25 v1.4k Standard LaTeX document class
(/usr/local/texlive/2019/texmf-dist/tex/latex/base/size11.clo
File: size11.clo 2019/10/25 v1.4k Standard LaTeX file (size option)
)
\c@part=\count80
\c@section=\count81
\c@subsection=\count82
\c@subsubsection=\count83
\c@paragraph=\count84
\c@subparagraph=\count85
\c@figure=\count86
\c@table=\count87
\abovecaptionskip=\skip41
\belowcaptionskip=\skip42
\bibindent=\dimen102
)
\outerbordwidth=\skip43
 (/usr/local/texlive/2019/texmf-dist/tex/latex/xcolor/xcolor.sty
Package: xcolor 2016/05/11 v2.12 LaTeX color extensions (UK)
 (/usr/local/texlive/2019/texmf-dist/tex/latex/graphics-cfg/color.cfg
File: color.cfg 2016/01/02 v1.6 sample color configuration
)
Package xcolor Info: Driver file: pdftex.def on input line 225.
 (/usr/local/texlive/2019/texmf-dist/tex/latex/graphics-def/pdftex.def
File: pdftex.def 2018/01/08 v1.0l Graphics/color driver for pdftex
)
Package xcolor Info: Model `cmy' substituted by `cmy0' on input line 1348.
Package xcolor Info: Model `hsb' substituted by `rgb' on input line 1352.
Package xcolor Info: Model `RGB' extended on input line 1364.
Package xcolor Info: Model `HTML' substituted by `rgb' on input line 1366.
Package xcolor Info: Model `Hsb' substituted by `hsb' on input line 1367.
Package xcolor Info: Model `tHsb' substituted by `hsb' on input line 1368.
Package xcolor Info: Model `HSB' substituted by `hsb' on input line 1369.
Package xcolor Info: Model `Gray' substituted by `gray' on input line 1370.
Package xcolor Info: Model `wave' substituted by `hsb' on input line 1371.
 (/usr/local/texlive/2019/texmf-dist/tex/latex/xcolor/svgnam.def
File: svgnam.def 2016/05/11 v2.12 Predefined colors according to SVG 1.1 (UK)
)) (/usr/local/texlive/2019/texmf-dist/tex/latex/framed/framed.sty
Package: framed 2011/10/22 v 0.96: framed or shaded text with page breaks
\OuterFrameSep=\skip44
\fb@frw=\dimen103
\fb@frh=\dimen104
\FrameRule=\dimen105
\FrameSep=\dimen106
) (/usr/local/texlive/2019/texmf-dist/tex/latex/tocloft/tocloft.sty
Package: tocloft 2017/08/31 v2.3i parameterised ToC, etc., typesetting
Package tocloft Info: The document has section divisions on input line 51.
\cftparskip=\skip45
\cftbeforetoctitleskip=\skip46
\cftaftertoctitleskip=\skip47
\cftbeforepartskip=\skip48
\cftpartnumwidth=\skip49
\cftpartindent=\skip50
\cftbeforesecskip=\skip51
\cftsecindent=\skip52
\cftsecnumwidth=\skip53
\cftbeforesubsecskip=\skip54
\cftsubsecindent=\skip55
\cftsubsecnumwidth=\skip56
\cftbeforesubsubsecskip=\skip57
\cftsubsubsecindent=\skip58
\cftsubsubsecnumwidth=\skip59
\cftbeforeparaskip=\skip60
\cftparaindent=\skip61
\cftparanumwidth=\skip62
\cftbeforesubparaskip=\skip63
\cftsubparaindent=\skip64
\cftsubparanumwidth=\skip65
\cftbeforeloftitleskip=\skip66
\cftafterloftitleskip=\skip67
\cftbeforefigskip=\skip68
\cftfigindent=\skip69
\cftfignumwidth=\skip70
\c@lofdepth=\count88
\c@lotdepth=\count89
\cftbeforelottitleskip=\skip71
\cftafterlottitleskip=\skip72
\cftbeforetabskip=\skip73
\cfttabindent=\skip74
\cfttabnumwidth=\skip75
) (./Jim_Hessin.aux)
\openout1 = `Jim_Hessin.aux'.

LaTeX Font Info:    Checking defaults for OML/cmm/m/it on input line 61.
LaTeX Font Info:    ... okay on input line 61.
LaTeX Font Info:    Checking defaults for T1/cmr/m/n on input line 61.
LaTeX Font Info:    ... okay on input line 61.
LaTeX Font Info:    Checking defaults for OT1/cmr/m/n on input line 61.
LaTeX Font Info:    ... okay on input line 61.
LaTeX Font Info:    Checking defaults for OMS/cmsy/m/n on input line 61.
LaTeX Font Info:    ... okay on input line 61.
LaTeX Font Info:    Checking defaults for OMX/cmex/m/n on input line 61.
LaTeX Font Info:    ... okay on input line 61.
LaTeX Font Info:    Checking defaults for U/cmr/m/n on input line 61.
LaTeX Font Info:    ... okay on input line 61.
 (/usr/local/texlive/2019/texmf-dist/tex/context/base/mkii/supp-pdf.mkii
[Loading MPS to PDF converter (version 2006.09.02).]
\scratchcounter=\count90
\scratchdimen=\dimen107
\scratchbox=\box27
\nofMPsegments=\count91
\nofMParguments=\count92
\everyMPshowfont=\toks14
\MPscratchCnt=\count93
\MPscratchDim=\dimen108
\MPnumerator=\count94
\makeMPintoPDFobject=\count95
\everyMPtoPDFconversion=\toks15
)
LaTeX Font Info:    External font `cmex10' loaded for size
(Font)              <10.95> on input line 63.
LaTeX Font Info:    External font `cmex10' loaded for size
(Font)              <8> on input line 63.
LaTeX Font Info:    External font `cmex10' loaded for size
(Font)              <6> on input line 63.
LaTeX Font Info:    Trying to load font information for OMS+cmr on input line 76.
 (/usr/local/texlive/2019/texmf-dist/tex/latex/base/omscmr.fd
File: omscmr.fd 2014/09/29 v2.5h Standard LaTeX font definitions
)
LaTeX Font Info:    Font shape `OMS/cmr/m/n' in size <10.95> not available
(Font)              Font shape `OMS/cmsy/m/n' tried instead on input line 76.

./Jim_Hessin.tex:76: Undefined control sequence.
\@tempa ->\catcode `\<
                      12\relax \catcode `\>12\relax \catcode `\=12\relax 
l.76 ...C++, C\#, Java, Javascript, Swift, Python}
                                                  
The control sequence at the end of the top line
of your error message was never \def'ed. If you have
misspelled it (e.g., `\hobx'), type `I' and the correct
spelling (e.g., `I\hbox'). Otherwise just continue,
and I'll forget about whatever was undefined.

./Jim_Hessin.tex:76: Undefined control sequence.
\cftdotfill #1->\def \@tempa {#1}\def \@tempb 
                                              {\cftnodots }\ifx \@tempa \@te...
l.76 ...C++, C\#, Java, Javascript, Swift, Python}
                                                  
The control sequence at the end of the top line
of your error message was never \def'ed. If you have
misspelled it (e.g., `\hobx'), type `I' and the correct
spelling (e.g., `I\hbox'). Otherwise just continue,
and I'll forget about whatever was undefined.

./Jim_Hessin.tex:76: Missing control sequence inserted.
<inserted text> 
                \inaccessible 
l.76 ...C++, C\#, Java, Javascript, Swift, Python}
                                                  
Please don't say `\def cs{...}', say `\def\cs{...}'.
I've inserted an inaccessible control sequence so that your
definition will be completed without mixing me up too badly.
You can recover graciously from this error, if you're
careful; see exercise 27.2 in The TeXbook.

./Jim_Hessin.tex:76: Missing control sequence inserted.
<inserted text> 
                \inaccessible 
l.76 ...C++, C\#, Java, Javascript, Swift, Python}
                                                  
Please don't say `\def cs{...}', say `\def\cs{...}'.
I've inserted an inaccessible control sequence so that your
definition will be completed without mixing me up too badly.
You can recover graciously from this error, if you're
careful; see exercise 27.2 in The TeXbook.

./Jim_Hessin.tex:79: Undefined control sequence.
\@tempa ->\catcode `\<
                      12\relax \catcode `\>12\relax \catcode `\=12\relax 
l.79 ...Polymorphism, Data Oriented Programming}{}
                                                  
The control sequence at the end of the top line
of your error message was never \def'ed. If you have
misspelled it (e.g., `\hobx'), type `I' and the correct
spelling (e.g., `I\hbox'). Otherwise just continue,
and I'll forget about whatever was undefined.

./Jim_Hessin.tex:79: Undefined control sequence.
\cftdotfill #1->\def \@tempa {#1}\def \@tempb 
                                              {\cftnodots }\ifx \@tempa \@te...
l.79 ...Polymorphism, Data Oriented Programming}{}
                                                  
The control sequence at the end of the top line
of your error message was never \def'ed. If you have
misspelled it (e.g., `\hobx'), type `I' and the correct
spelling (e.g., `I\hbox'). Otherwise just continue,
and I'll forget about whatever was undefined.

./Jim_Hessin.tex:79: Missing control sequence inserted.
<inserted text> 
                \inaccessible 
l.79 ...Polymorphism, Data Oriented Programming}{}
                                                  
Please don't say `\def cs{...}', say `\def\cs{...}'.
I've inserted an inaccessible control sequence so that your
definition will be completed without mixing me up too badly.
You can recover graciously from this error, if you're
careful; see exercise 27.2 in The TeXbook.

./Jim_Hessin.tex:79: Missing control sequence inserted.
<inserted text> 
                \inaccessible 
l.79 ...Polymorphism, Data Oriented Programming}{}
                                                  
Please don't say `\def cs{...}', say `\def\cs{...}'.
I've inserted an inaccessible control sequence so that your
definition will be completed without mixing me up too badly.
You can recover graciously from this error, if you're
careful; see exercise 27.2 in The TeXbook.


Overfull \hbox (44.0595pt too wide) in alignment at lines 79--79
[] []
 []

./Jim_Hessin.tex:81: Undefined control sequence.
\@tempa ->\catcode `\<
                      12\relax \catcode `\>12\relax \catcode `\=12\relax 
l.81 ...X}{Windows (XP, 7, 8.1, 10), Android, iOS}
                                                  
The control sequence at the end of the top line
of your error message was never \def'ed. If you have
misspelled it (e.g., `\hobx'), type `I' and the correct
spelling (e.g., `I\hbox'). Otherwise just continue,
and I'll forget about whatever was undefined.

./Jim_Hessin.tex:81: Undefined control sequence.
\cftdotfill #1->\def \@tempa {#1}\def \@tempb 
                                              {\cftnodots }\ifx \@tempa \@te...
l.81 ...X}{Windows (XP, 7, 8.1, 10), Android, iOS}
                                                  
The control sequence at the end of the top line
of your error message was never \def'ed. If you have
misspelled it (e.g., `\hobx'), type `I' and the correct
spelling (e.g., `I\hbox'). Otherwise just continue,
and I'll forget about whatever was undefined.

./Jim_Hessin.tex:81: Missing control sequence inserted.
<inserted text> 
                \inaccessible 
l.81 ...X}{Windows (XP, 7, 8.1, 10), Android, iOS}
                                                  
Please don't say `\def cs{...}', say `\def\cs{...}'.
I've inserted an inaccessible control sequence so that your
definition will be completed without mixing me up too badly.
You can recover graciously from this error, if you're
careful; see exercise 27.2 in The TeXbook.

./Jim_Hessin.tex:81: Missing control sequence inserted.
<inserted text> 
                \inaccessible 
l.81 ...X}{Windows (XP, 7, 8.1, 10), Android, iOS}
                                                  
Please don't say `\def cs{...}', say `\def\cs{...}'.
I've inserted an inaccessible control sequence so that your
definition will be completed without mixing me up too badly.
You can recover graciously from this error, if you're
careful; see exercise 27.2 in The TeXbook.

./Jim_Hessin.tex:83: Undefined control sequence.
\@tempa ->\catcode `\<
                      12\relax \catcode `\>12\relax \catcode `\=12\relax 
l.83 ...ng{Database}{}{SQLite, Access, Firebase}{}
                                                  
The control sequence at the end of the top line
of your error message was never \def'ed. If you have
misspelled it (e.g., `\hobx'), type `I' and the correct
spelling (e.g., `I\hbox'). Otherwise just continue,
and I'll forget about whatever was undefined.

./Jim_Hessin.tex:83: Undefined control sequence.
\cftdotfill #1->\def \@tempa {#1}\def \@tempb 
                                              {\cftnodots }\ifx \@tempa \@te...
l.83 ...ng{Database}{}{SQLite, Access, Firebase}{}
                                                  
The control sequence at the end of the top line
of your error message was never \def'ed. If you have
misspelled it (e.g., `\hobx'), type `I' and the correct
spelling (e.g., `I\hbox'). Otherwise just continue,
and I'll forget about whatever was undefined.

./Jim_Hessin.tex:83: Missing control sequence inserted.
<inserted text> 
                \inaccessible 
l.83 ...ng{Database}{}{SQLite, Access, Firebase}{}
                                                  
Please don't say `\def cs{...}', say `\def\cs{...}'.
I've inserted an inaccessible control sequence so that your
definition will be completed without mixing me up too badly.
You can recover graciously from this error, if you're
careful; see exercise 27.2 in The TeXbook.

./Jim_Hessin.tex:83: Missing control sequence inserted.
<inserted text> 
                \inaccessible 
l.83 ...ng{Database}{}{SQLite, Access, Firebase}{}
                                                  
Please don't say `\def cs{...}', say `\def\cs{...}'.
I've inserted an inaccessible control sequence so that your
definition will be completed without mixing me up too badly.
You can recover graciously from this error, if you're
careful; see exercise 27.2 in The TeXbook.

./Jim_Hessin.tex:86: Undefined control sequence.
\@tempa ->\catcode `\<
                      12\relax \catcode `\>12\relax \catcode `\=12\relax 
l.86 ...al Studio, Eclipse, Android Studio, Xcode}
                                                  
The control sequence at the end of the top line
of your error message was never \def'ed. If you have
misspelled it (e.g., `\hobx'), type `I' and the correct
spelling (e.g., `I\hbox'). Otherwise just continue,
and I'll forget about whatever was undefined.

./Jim_Hessin.tex:86: Undefined control sequence.
\cftdotfill #1->\def \@tempa {#1}\def \@tempb 
                                              {\cftnodots }\ifx \@tempa \@te...
l.86 ...al Studio, Eclipse, Android Studio, Xcode}
                                                  
The control sequence at the end of the top line
of your error message was never \def'ed. If you have
misspelled it (e.g., `\hobx'), type `I' and the correct
spelling (e.g., `I\hbox'). Otherwise just continue,
and I'll forget about whatever was undefined.

./Jim_Hessin.tex:86: Missing control sequence inserted.
<inserted text> 
                \inaccessible 
l.86 ...al Studio, Eclipse, Android Studio, Xcode}
                                                  
Please don't say `\def cs{...}', say `\def\cs{...}'.
I've inserted an inaccessible control sequence so that your
definition will be completed without mixing me up too badly.
You can recover graciously from this error, if you're
careful; see exercise 27.2 in The TeXbook.

./Jim_Hessin.tex:86: Missing control sequence inserted.
<inserted text> 
                \inaccessible 
l.86 ...al Studio, Eclipse, Android Studio, Xcode}
                                                  
Please don't say `\def cs{...}', say `\def\cs{...}'.
I've inserted an inaccessible control sequence so that your
definition will be completed without mixing me up too badly.
You can recover graciously from this error, if you're
careful; see exercise 27.2 in The TeXbook.

./Jim_Hessin.tex:96: Undefined control sequence.
\@tempa ->\catcode `\<
                      12\relax \catcode `\>12\relax \catcode `\=12\relax 
l.96 ...line}{BS, Game Software Development}{2016}
                                                  
The control sequence at the end of the top line
of your error message was never \def'ed. If you have
misspelled it (e.g., `\hobx'), type `I' and the correct
spelling (e.g., `I\hbox'). Otherwise just continue,
and I'll forget about whatever was undefined.

./Jim_Hessin.tex:96: Undefined control sequence.
\cftdotfill #1->\def \@tempa {#1}\def \@tempb 
                                              {\cftnodots }\ifx \@tempa \@te...
l.96 ...line}{BS, Game Software Development}{2016}
                                                  
The control sequence at the end of the top line
of your error message was never \def'ed. If you have
misspelled it (e.g., `\hobx'), type `I' and the correct
spelling (e.g., `I\hbox'). Otherwise just continue,
and I'll forget about whatever was undefined.

./Jim_Hessin.tex:96: Missing control sequence inserted.
<inserted text> 
                \inaccessible 
l.96 ...line}{BS, Game Software Development}{2016}
                                                  
Please don't say `\def cs{...}', say `\def\cs{...}'.
I've inserted an inaccessible control sequence so that your
definition will be completed without mixing me up too badly.
You can recover graciously from this error, if you're
careful; see exercise 27.2 in The TeXbook.

./Jim_Hessin.tex:96: Missing control sequence inserted.
<inserted text> 
                \inaccessible 
l.96 ...line}{BS, Game Software Development}{2016}
                                                  
Please don't say `\def cs{...}', say `\def\cs{...}'.
I've inserted an inaccessible control sequence so that your
definition will be completed without mixing me up too badly.
You can recover graciously from this error, if you're
careful; see exercise 27.2 in The TeXbook.

./Jim_Hessin.tex:121: Undefined control sequence.
\@tempa ->\catcode `\<
                      12\relax \catcode `\>12\relax \catcode `\=12\relax 
l.121 ...ob}{Mullen, NE}{Location}{2015 - Present}
                                                  
The control sequence at the end of the top line
of your error message was never \def'ed. If you have
misspelled it (e.g., `\hobx'), type `I' and the correct
spelling (e.g., `I\hbox'). Otherwise just continue,
and I'll forget about whatever was undefined.

./Jim_Hessin.tex:121: Undefined control sequence.
\cftdotfill #1->\def \@tempa {#1}\def \@tempb 
                                              {\cftnodots }\ifx \@tempa \@te...
l.121 ...ob}{Mullen, NE}{Location}{2015 - Present}
                                                  
The control sequence at the end of the top line
of your error message was never \def'ed. If you have
misspelled it (e.g., `\hobx'), type `I' and the correct
spelling (e.g., `I\hbox'). Otherwise just continue,
and I'll forget about whatever was undefined.

./Jim_Hessin.tex:121: Missing control sequence inserted.
<inserted text> 
                \inaccessible 
l.121 ...ob}{Mullen, NE}{Location}{2015 - Present}
                                                  
Please don't say `\def cs{...}', say `\def\cs{...}'.
I've inserted an inaccessible control sequence so that your
definition will be completed without mixing me up too badly.
You can recover graciously from this error, if you're
careful; see exercise 27.2 in The TeXbook.

./Jim_Hessin.tex:121: Missing control sequence inserted.
<inserted text> 
                \inaccessible 
l.121 ...ob}{Mullen, NE}{Location}{2015 - Present}
                                                  
Please don't say `\def cs{...}', say `\def\cs{...}'.
I've inserted an inaccessible control sequence so that your
definition will be completed without mixing me up too badly.
You can recover graciously from this error, if you're
careful; see exercise 27.2 in The TeXbook.

[1

{/usr/local/texlive/2019/texmf-var/fonts/map/pdftex/updmap/pdftex.map}] (./Jim_Hessin.aux) ) 
Here is how much of TeX's memory you used:
 1671 strings out of 492164
 21663 string characters out of 6125317
 102043 words of memory out of 5000000
 6081 multiletter control sequences out of 15000+600000
 7928 words of font info for 28 fonts, out of 8000000 for 9000
 1141 hyphenation exceptions out of 8191
 28i,10n,39p,312b,197s stack positions out of 5000i,500n,10000p,200000b,80000s
</usr/local/texlive/2019/texmf-dist/fonts/type1/public/amsfonts/cm/cmbx10.pfb></usr/local/texlive/2019/texmf-dist/fonts/type1/public/amsfonts/cm/cmbx12.pfb></usr/local/texlive/2019/texmf-dist/fonts/type1/public/amsfonts/cm/cmr10.pfb></usr/local/texlive/2019/texmf-dist/fonts/type1/public/amsfonts/cm/cmssbx10.pfb></usr/local/texlive/2019/texmf-dist/fonts/type1/public/amsfonts/cm/cmsy10.pfb></usr/local/texlive/2019/texmf-dist/fonts/type1/public/amsfonts/cm/cmti10.pfb>
Output written on Jim_Hessin.pdf (1 page, 85182 bytes).
PDF statistics:
 32 PDF objects out of 1000 (max. 8388607)
 22 compressed objects within 1 object stream
 0 named destinations out of 1000 (max. 500000)
 1 words of extra memory for PDF output out of 10000 (max. 10000000)

